2022-05-16 09:20:54,067 [Worker-0: Loading available Gradle versions] INFO  o.e.b.c.i.u.g.PublishedGradleVersions - Gradle version information cache is up-to-date. Trying to read.
2022-05-16 09:21:28,627 [Worker-24: Updating Maven Dependencies] INFO  o.e.m.c.i.l.LifecycleMappingFactory - Using org.maven.ide.eclipse.wtp.WarLifecycleMapping lifecycle mapping for MavenProject: SP22B2_SOF3011_IT16308:SP22B2_SOF3011_IT16308:0.0.1-SNAPSHOT @ C:\Users\ACER\Documents\GitHub\SP22B2_SOF3011_IT16308\pom.xml.
2022-05-16 09:21:34,278 [Worker-26: Building] INFO  o.e.m.c.i.l.LifecycleMappingFactory - Using org.maven.ide.eclipse.wtp.WarLifecycleMapping lifecycle mapping for MavenProject: ASS_PH17480:ASS_PH17480:0.0.1-SNAPSHOT @ C:\Users\ACER\Documents\GitHub\java4\Ass_java4\ASS_PH17480\pom.xml.
2022-05-16 09:21:41,966 [Worker-6: Building] WARN  o.e.m.c.i.embedder.EclipseLogger - Using platform encoding (Cp1252 actually) to copy filtered resources, i.e. build is platform dependent!
2022-05-16 09:21:41,968 [Worker-6: Building] INFO  o.e.m.c.i.embedder.EclipseLogger - skip non existing resourceDirectory C:\Users\ACER\Documents\GitHub\java4\Ass_java4\ASS_PH17480\src\main\resources
2022-05-16 09:21:41,970 [Worker-6: Building] WARN  o.e.m.c.i.embedder.EclipseLogger - Using platform encoding (Cp1252 actually) to copy filtered resources, i.e. build is platform dependent!
2022-05-16 09:21:41,971 [Worker-6: Building] INFO  o.e.m.c.i.embedder.EclipseLogger - skip non existing resourceDirectory C:\Users\ACER\Documents\GitHub\java4\Ass_java4\ASS_PH17480\src\test\resources
2022-05-16 09:21:42,272 [Worker-6: Building] WARN  o.e.m.c.i.embedder.EclipseLogger - Using platform encoding (Cp1252 actually) to copy filtered resources, i.e. build is platform dependent!
2022-05-16 09:21:42,274 [Worker-6: Building] INFO  o.e.m.c.i.embedder.EclipseLogger - skip non existing resourceDirectory C:\Users\ACER\Documents\GitHub\SP22B2_SOF3011_IT16308\src\main\resources
2022-05-16 09:21:42,275 [Worker-6: Building] WARN  o.e.m.c.i.embedder.EclipseLogger - Using platform encoding (Cp1252 actually) to copy filtered resources, i.e. build is platform dependent!
2022-05-16 09:21:42,277 [Worker-6: Building] INFO  o.e.m.c.i.embedder.EclipseLogger - skip non existing resourceDirectory C:\Users\ACER\Documents\GitHub\SP22B2_SOF3011_IT16308\src\test\resources
2022-05-23 21:18:04,708 [Worker-0: Loading available Gradle versions] INFO  o.e.b.c.i.u.g.PublishedGradleVersions - Gradle version information cache is up-to-date. Trying to read.
2022-05-23 21:18:15,925 [Worker-5: Building] WARN  o.e.m.c.i.embedder.EclipseLogger - Using platform encoding (Cp1252 actually) to copy filtered resources, i.e. build is platform dependent!
2022-05-23 21:18:15,926 [Worker-5: Building] INFO  o.e.m.c.i.embedder.EclipseLogger - skip non existing resourceDirectory C:\Users\ACER\Documents\GitHub\SP22B2_SOF3011_IT16308\src\main\resources
2022-05-23 21:18:15,927 [Worker-5: Building] WARN  o.e.m.c.i.embedder.EclipseLogger - Using platform encoding (Cp1252 actually) to copy filtered resources, i.e. build is platform dependent!
2022-05-23 21:18:15,928 [Worker-5: Building] INFO  o.e.m.c.i.embedder.EclipseLogger - skip non existing resourceDirectory C:\Users\ACER\Documents\GitHub\SP22B2_SOF3011_IT16308\src\test\resources
2022-05-23 21:18:17,772 [Worker-4: Building] WARN  o.e.m.c.i.embedder.EclipseLogger - Using platform encoding (Cp1252 actually) to copy filtered resources, i.e. build is platform dependent!
2022-05-23 21:18:17,776 [Worker-4: Building] INFO  o.e.m.c.i.embedder.EclipseLogger - skip non existing resourceDirectory C:\Users\ACER\Documents\GitHub\SP22B2_SOF3011_IT16308\src\main\resources
2022-05-23 21:18:17,777 [Worker-4: Building] WARN  o.e.m.c.i.embedder.EclipseLogger - Using platform encoding (Cp1252 actually) to copy filtered resources, i.e. build is platform dependent!
2022-05-23 21:18:17,777 [Worker-4: Building] INFO  o.e.m.c.i.embedder.EclipseLogger - skip non existing resourceDirectory C:\Users\ACER\Documents\GitHub\SP22B2_SOF3011_IT16308\src\test\resources
